<?xml version="1.0" encoding="UTF-8"?>
<testng-results skipped="0" failed="0" total="1" passed="1">
  <reporter-output>
  </reporter-output>
  <suite name="Default suite" duration-ms="20285" started-at="2015-04-27T22:29:14Z" finished-at="2015-04-27T22:29:34Z">
    <groups>
    </groups>
    <test name="Default test" duration-ms="20285" started-at="2015-04-27T22:29:14Z" finished-at="2015-04-27T22:29:34Z">
      <class name="com.magnet.mmx.selenium.WizardStandardInstall_TestNG">
        <test-method status="PASS" signature="setUp()[pri:0, instance:com.magnet.mmx.selenium.WizardStandardInstall_TestNG@71c7db30]" name="setUp" is-config="true" duration-ms="2348" started-at="2015-04-27T15:29:14Z" finished-at="2015-04-27T15:29:16Z">
          <reporter-output>
          </reporter-output>
        </test-method> <!-- setUp -->
        <test-method status="PASS" signature="test_2_ConfigurationReset_Logs()[pri:0, instance:com.magnet.mmx.selenium.WizardStandardInstall_TestNG@71c7db30]" name="test_2_ConfigurationReset_Logs" duration-ms="17847" started-at="2015-04-27T15:29:16Z" finished-at="2015-04-27T15:29:34Z">
          <reporter-output>
          </reporter-output>
        </test-method> <!-- test_2_ConfigurationReset_Logs -->
        <test-method status="PASS" signature="tearDown()[pri:0, instance:com.magnet.mmx.selenium.WizardStandardInstall_TestNG@71c7db30]" name="tearDown" is-config="true" duration-ms="81" started-at="2015-04-27T15:29:34Z" finished-at="2015-04-27T15:29:34Z">
          <reporter-output>
          </reporter-output>
        </test-method> <!-- tearDown -->
      </class> <!-- com.magnet.mmx.selenium.WizardStandardInstall_TestNG -->
    </test> <!-- Default test -->
  </suite> <!-- Default suite -->
</testng-results>
